21:41:35  INFO    ============================================================
21:41:35  INFO    Sector Alert Run Ś 2026-06-22 21:41:35
21:41:35  INFO    Period: 1mo  Threshold: ▒2.0%  Reversal min: 1.0%  Cooldown: 20.0h
21:41:35  INFO    ============================================================
21:41:35  INFO    Fetching sector dataģ
21:41:35  INFO      Technology           XLK / RSPT
21:41:37  INFO      Financials           XLF / RSPF
21:41:39  INFO      Energy               XLE / RSPE
21:41:40  INFO      Health Care          XLV / RYH
21:41:42  INFO      Industrials          XLI / RGI
21:41:44  INFO      Cons. Disc.          XLY / RSPD
21:41:46  INFO      Cons. Staples        XLP / RSPS
21:41:48  INFO      Utilities            XLU / RSPU
21:41:50  INFO      Real Estate          XLRE / RSPR
21:41:52  INFO      Materials            XLB / RSPM
21:41:54  INFO      Comm. Services       XLC / RSPG
21:41:55  INFO    Detecting alertsģ
--- Logging error ---
Traceback (most recent call last):
  File "C:\Users\boris\AppData\Local\Programs\Python\Python313\Lib\logging\__init__.py", line 1153, in emit
    stream.write(msg + self.terminator)
    ~~~~~~~~~~~~^^^^^^^^^^^^^^^^^^^^^^^
  File "C:\Users\boris\AppData\Local\Programs\Python\Python313\Lib\encodings\cp1252.py", line 19, in encode
    return codecs.charmap_encode(input,self.errors,encoding_table)[0]
           ~~~~~~~~~~~~~~~~~~~~~^^^^^^^^^^^^^^^^^^^^^^^^^^^^^^^^^^
UnicodeEncodeError: 'charmap' codec can't encode characters in position 18-57: character maps to <undefined>
Call stack:
  File "C:\Users\boris\OneDrive - Boris Libman\ES-NQ analysis\Trading Strategies\Sector Analysis\files\sector_alert.py", line 378, in <module>
    main()
  File "C:\Users\boris\OneDrive - Boris Libman\ES-NQ analysis\Trading Strategies\Sector Analysis\files\sector_alert.py", line 357, in main
    log.info(f"{'\u2500'*40}")
Message: '\u2500\u2500\u2500\u2500\u2500\u2500\u2500\u2500\u2500\u2500\u2500\u2500\u2500\u2500\u2500\u2500\u2500\u2500\u2500\u2500\u2500\u2500\u2500\u2500\u2500\u2500\u2500\u2500\u2500\u2500\u2500\u2500\u2500\u2500\u2500\u2500\u2500\u2500\u2500\u2500'
Arguments: ()
21:41:55  INFO    Alerts fired: 0
21:41:55  INFO    Snapshot:
21:41:55  INFO      Sector                     CW       EW   Spread  Breadth
--- Logging error ---
Traceback (most recent call last):
  File "C:\Users\boris\AppData\Local\Programs\Python\Python313\Lib\logging\__init__.py", line 1153, in emit
    stream.write(msg + self.terminator)
    ~~~~~~~~~~~~^^^^^^^^^^^^^^^^^^^^^^^
  File "C:\Users\boris\AppData\Local\Programs\Python\Python313\Lib\encodings\cp1252.py", line 19, in encode
    return codecs.charmap_encode(input,self.errors,encoding_table)[0]
           ~~~~~~~~~~~~~~~~~~~~~^^^^^^^^^^^^^^^^^^^^^^^^^^^^^^^^^^
UnicodeEncodeError: 'charmap' codec can't encode characters in position 20-77: character maps to <undefined>
Call stack:
  File "C:\Users\boris\OneDrive - Boris Libman\ES-NQ analysis\Trading Strategies\Sector Analysis\files\sector_alert.py", line 378, in <module>
    main()
  File "C:\Users\boris\OneDrive - Boris Libman\ES-NQ analysis\Trading Strategies\Sector Analysis\files\sector_alert.py", line 364, in main
    log.info(f"  {line}")
Message: '  \u2500\u2500\u2500\u2500\u2500\u2500\u2500\u2500\u2500\u2500\u2500\u2500\u2500\u2500\u2500\u2500\u2500\u2500\u2500\u2500\u2500\u2500\u2500\u2500\u2500\u2500\u2500\u2500\u2500\u2500\u2500\u2500\u2500\u2500\u2500\u2500\u2500\u2500\u2500\u2500\u2500\u2500\u2500\u2500\u2500\u2500\u2500\u2500\u2500\u2500\u2500\u2500\u2500\u2500\u2500\u2500\u2500\u2500'
Arguments: ()
--- Logging error ---
Traceback (most recent call last):
  File "C:\Users\boris\AppData\Local\Programs\Python\Python313\Lib\logging\__init__.py", line 1153, in emit
    stream.write(msg + self.terminator)
    ~~~~~~~~~~~~^^^^^^^^^^^^^^^^^^^^^^^
  File "C:\Users\boris\AppData\Local\Programs\Python\Python313\Lib\encodings\cp1252.py", line 19, in encode
    return codecs.charmap_encode(input,self.errors,encoding_table)[0]
           ~~~~~~~~~~~~~~~~~~~~~^^^^^^^^^^^^^^^^^^^^^^^^^^^^^^^^^^
UnicodeEncodeError: 'charmap' codec can't encode character '\u25c6' in position 69: character maps to <undefined>
Call stack:
  File "C:\Users\boris\OneDrive - Boris Libman\ES-NQ analysis\Trading Strategies\Sector Analysis\files\sector_alert.py", line 378, in <module>
    main()
  File "C:\Users\boris\OneDrive - Boris Libman\ES-NQ analysis\Trading Strategies\Sector Analysis\files\sector_alert.py", line 364, in main
    log.info(f"  {line}")
Message: '  Technology             +3.79%   +3.48%   -0.31%  \u25c6 Neutral'
Arguments: ()
--- Logging error ---
Traceback (most recent call last):
  File "C:\Users\boris\AppData\Local\Programs\Python\Python313\Lib\logging\__init__.py", line 1153, in emit
    stream.write(msg + self.terminator)
    ~~~~~~~~~~~~^^^^^^^^^^^^^^^^^^^^^^^
  File "C:\Users\boris\AppData\Local\Programs\Python\Python313\Lib\encodings\cp1252.py", line 19, in encode
    return codecs.charmap_encode(input,self.errors,encoding_table)[0]
           ~~~~~~~~~~~~~~~~~~~~~^^^^^^^^^^^^^^^^^^^^^^^^^^^^^^^^^^
UnicodeEncodeError: 'charmap' codec can't encode character '\u25bc' in position 69: character maps to <undefined>
Call stack:
  File "C:\Users\boris\OneDrive - Boris Libman\ES-NQ analysis\Trading Strategies\Sector Analysis\files\sector_alert.py", line 378, in <module>
    main()
  File "C:\Users\boris\OneDrive - Boris Libman\ES-NQ analysis\Trading Strategies\Sector Analysis\files\sector_alert.py", line 364, in main
    log.info(f"  {line}")
Message: '  Financials             +3.57%   +1.75%   -1.82%  \u25bc Narrow'
Arguments: ()
--- Logging error ---
Traceback (most recent call last):
  File "C:\Users\boris\AppData\Local\Programs\Python\Python313\Lib\logging\__init__.py", line 1153, in emit
    stream.write(msg + self.terminator)
    ~~~~~~~~~~~~^^^^^^^^^^^^^^^^^^^^^^^
  File "C:\Users\boris\AppData\Local\Programs\Python\Python313\Lib\encodings\cp1252.py", line 19, in encode
    return codecs.charmap_encode(input,self.errors,encoding_table)[0]
           ~~~~~~~~~~~~~~~~~~~~~^^^^^^^^^^^^^^^^^^^^^^^^^^^^^^^^^^
UnicodeEncodeError: 'charmap' codec can't encode character '\u25b2' in position 69: character maps to <undefined>
Call stack:
  File "C:\Users\boris\OneDrive - Boris Libman\ES-NQ analysis\Trading Strategies\Sector Analysis\files\sector_alert.py", line 378, in <module>
    main()
  File "C:\Users\boris\OneDrive - Boris Libman\ES-NQ analysis\Trading Strategies\Sector Analysis\files\sector_alert.py", line 364, in main
    log.info(f"  {line}")
Message: '  Energy                 -6.55%   +2.17%   +8.73%  \u25b2 Broad'
Arguments: ()
--- Logging error ---
Traceback (most recent call last):
  File "C:\Users\boris\AppData\Local\Programs\Python\Python313\Lib\logging\__init__.py", line 1153, in emit
    stream.write(msg + self.terminator)
    ~~~~~~~~~~~~^^^^^^^^^^^^^^^^^^^^^^^
  File "C:\Users\boris\AppData\Local\Programs\Python\Python313\Lib\encodings\cp1252.py", line 19, in encode
    return codecs.charmap_encode(input,self.errors,encoding_table)[0]
           ~~~~~~~~~~~~~~~~~~~~~^^^^^^^^^^^^^^^^^^^^^^^^^^^^^^^^^^
UnicodeEncodeError: 'charmap' codec can't encode character '\u25c6' in position 69: character maps to <undefined>
Call stack:
  File "C:\Users\boris\OneDrive - Boris Libman\ES-NQ analysis\Trading Strategies\Sector Analysis\files\sector_alert.py", line 378, in <module>
    main()
  File "C:\Users\boris\OneDrive - Boris Libman\ES-NQ analysis\Trading Strategies\Sector Analysis\files\sector_alert.py", line 364, in main
    log.info(f"  {line}")
Message: '  Health Care            +1.04%   +2.44%   +1.39%  \u25c6 Neutral'
Arguments: ()
--- Logging error ---
Traceback (most recent call last):
  File "C:\Users\boris\AppData\Local\Programs\Python\Python313\Lib\logging\__init__.py", line 1153, in emit
    stream.write(msg + self.terminator)
    ~~~~~~~~~~~~^^^^^^^^^^^^^^^^^^^^^^^
  File "C:\Users\boris\AppData\Local\Programs\Python\Python313\Lib\encodings\cp1252.py", line 19, in encode
    return codecs.charmap_encode(input,self.errors,encoding_table)[0]
           ~~~~~~~~~~~~~~~~~~~~~^^^^^^^^^^^^^^^^^^^^^^^^^^^^^^^^^^
UnicodeEncodeError: 'charmap' codec can't encode character '\u25bc' in position 69: character maps to <undefined>
Call stack:
  File "C:\Users\boris\OneDrive - Boris Libman\ES-NQ analysis\Trading Strategies\Sector Analysis\files\sector_alert.py", line 378, in <module>
    main()
  File "C:\Users\boris\OneDrive - Boris Libman\ES-NQ analysis\Trading Strategies\Sector Analysis\files\sector_alert.py", line 364, in main
    log.info(f"  {line}")
Message: '  Industrials            +4.30%   +2.79%   -1.51%  \u25bc Narrow'
Arguments: ()
--- Logging error ---
Traceback (most recent call last):
  File "C:\Users\boris\AppData\Local\Programs\Python\Python313\Lib\logging\__init__.py", line 1153, in emit
    stream.write(msg + self.terminator)
    ~~~~~~~~~~~~^^^^^^^^^^^^^^^^^^^^^^^
  File "C:\Users\boris\AppData\Local\Programs\Python\Python313\Lib\encodings\cp1252.py", line 19, in encode
    return codecs.charmap_encode(input,self.errors,encoding_table)[0]
           ~~~~~~~~~~~~~~~~~~~~~^^^^^^^^^^^^^^^^^^^^^^^^^^^^^^^^^^
UnicodeEncodeError: 'charmap' codec can't encode character '\u25b2' in position 69: character maps to <undefined>
Call stack:
  File "C:\Users\boris\OneDrive - Boris Libman\ES-NQ analysis\Trading Strategies\Sector Analysis\files\sector_alert.py", line 378, in <module>
    main()
  File "C:\Users\boris\OneDrive - Boris Libman\ES-NQ analysis\Trading Strategies\Sector Analysis\files\sector_alert.py", line 364, in main
    log.info(f"  {line}")
Message: '  Cons. Disc.            -3.78%   +1.81%   +5.59%  \u25b2 Broad'
Arguments: ()
--- Logging error ---
Traceback (most recent call last):
  File "C:\Users\boris\AppData\Local\Programs\Python\Python313\Lib\logging\__init__.py", line 1153, in emit
    stream.write(msg + self.terminator)
    ~~~~~~~~~~~~^^^^^^^^^^^^^^^^^^^^^^^
  File "C:\Users\boris\AppData\Local\Programs\Python\Python313\Lib\encodings\cp1252.py", line 19, in encode
    return codecs.charmap_encode(input,self.errors,encoding_table)[0]
           ~~~~~~~~~~~~~~~~~~~~~^^^^^^^^^^^^^^^^^^^^^^^^^^^^^^^^^^
UnicodeEncodeError: 'charmap' codec can't encode character '\u25c6' in position 69: character maps to <undefined>
Call stack:
  File "C:\Users\boris\OneDrive - Boris Libman\ES-NQ analysis\Trading Strategies\Sector Analysis\files\sector_alert.py", line 378, in <module>
    main()
  File "C:\Users\boris\OneDrive - Boris Libman\ES-NQ analysis\Trading Strategies\Sector Analysis\files\sector_alert.py", line 364, in main
    log.info(f"  {line}")
Message: '  Cons. Staples          -1.73%   -1.15%   +0.59%  \u25c6 Neutral'
Arguments: ()
--- Logging error ---
Traceback (most recent call last):
  File "C:\Users\boris\AppData\Local\Programs\Python\Python313\Lib\logging\__init__.py", line 1153, in emit
    stream.write(msg + self.terminator)
    ~~~~~~~~~~~~^^^^^^^^^^^^^^^^^^^^^^^
  File "C:\Users\boris\AppData\Local\Programs\Python\Python313\Lib\encodings\cp1252.py", line 19, in encode
    return codecs.charmap_encode(input,self.errors,encoding_table)[0]
           ~~~~~~~~~~~~~~~~~~~~~^^^^^^^^^^^^^^^^^^^^^^^^^^^^^^^^^^
UnicodeEncodeError: 'charmap' codec can't encode character '\u25c6' in position 69: character maps to <undefined>
Call stack:
  File "C:\Users\boris\OneDrive - Boris Libman\ES-NQ analysis\Trading Strategies\Sector Analysis\files\sector_alert.py", line 378, in <module>
    main()
  File "C:\Users\boris\OneDrive - Boris Libman\ES-NQ analysis\Trading Strategies\Sector Analysis\files\sector_alert.py", line 364, in main
    log.info(f"  {line}")
Message: '  Utilities              -1.35%   -1.03%   +0.31%  \u25c6 Neutral'
Arguments: ()
--- Logging error ---
Traceback (most recent call last):
  File "C:\Users\boris\AppData\Local\Programs\Python\Python313\Lib\logging\__init__.py", line 1153, in emit
    stream.write(msg + self.terminator)
    ~~~~~~~~~~~~^^^^^^^^^^^^^^^^^^^^^^^
  File "C:\Users\boris\AppData\Local\Programs\Python\Python313\Lib\encodings\cp1252.py", line 19, in encode
    return codecs.charmap_encode(input,self.errors,encoding_table)[0]
           ~~~~~~~~~~~~~~~~~~~~~^^^^^^^^^^^^^^^^^^^^^^^^^^^^^^^^^^
UnicodeEncodeError: 'charmap' codec can't encode character '\u25c6' in position 69: character maps to <undefined>
Call stack:
  File "C:\Users\boris\OneDrive - Boris Libman\ES-NQ analysis\Trading Strategies\Sector Analysis\files\sector_alert.py", line 378, in <module>
    main()
  File "C:\Users\boris\OneDrive - Boris Libman\ES-NQ analysis\Trading Strategies\Sector Analysis\files\sector_alert.py", line 364, in main
    log.info(f"  {line}")
Message: '  Real Estate            -1.54%   -0.88%   +0.66%  \u25c6 Neutral'
Arguments: ()
--- Logging error ---
Traceback (most recent call last):
  File "C:\Users\boris\AppData\Local\Programs\Python\Python313\Lib\logging\__init__.py", line 1153, in emit
    stream.write(msg + self.terminator)
    ~~~~~~~~~~~~^^^^^^^^^^^^^^^^^^^^^^^
  File "C:\Users\boris\AppData\Local\Programs\Python\Python313\Lib\encodings\cp1252.py", line 19, in encode
    return codecs.charmap_encode(input,self.errors,encoding_table)[0]
           ~~~~~~~~~~~~~~~~~~~~~^^^^^^^^^^^^^^^^^^^^^^^^^^^^^^^^^^
UnicodeEncodeError: 'charmap' codec can't encode character '\u25c6' in position 69: character maps to <undefined>
Call stack:
  File "C:\Users\boris\OneDrive - Boris Libman\ES-NQ analysis\Trading Strategies\Sector Analysis\files\sector_alert.py", line 378, in <module>
    main()
  File "C:\Users\boris\OneDrive - Boris Libman\ES-NQ analysis\Trading Strategies\Sector Analysis\files\sector_alert.py", line 364, in main
    log.info(f"  {line}")
Message: '  Materials              +1.24%   +0.56%   -0.68%  \u25c6 Neutral'
Arguments: ()
--- Logging error ---
Traceback (most recent call last):
  File "C:\Users\boris\AppData\Local\Programs\Python\Python313\Lib\logging\__init__.py", line 1153, in emit
    stream.write(msg + self.terminator)
    ~~~~~~~~~~~~^^^^^^^^^^^^^^^^^^^^^^^
  File "C:\Users\boris\AppData\Local\Programs\Python\Python313\Lib\encodings\cp1252.py", line 19, in encode
    return codecs.charmap_encode(input,self.errors,encoding_table)[0]
           ~~~~~~~~~~~~~~~~~~~~~^^^^^^^^^^^^^^^^^^^^^^^^^^^^^^^^^^
UnicodeEncodeError: 'charmap' codec can't encode character '\u25c6' in position 69: character maps to <undefined>
Call stack:
  File "C:\Users\boris\OneDrive - Boris Libman\ES-NQ analysis\Trading Strategies\Sector Analysis\files\sector_alert.py", line 378, in <module>
    main()
  File "C:\Users\boris\OneDrive - Boris Libman\ES-NQ analysis\Trading Strategies\Sector Analysis\files\sector_alert.py", line 364, in main
    log.info(f"  {line}")
Message: '  Comm. Services         -7.52%   -6.54%   +0.98%  \u25c6 Neutral'
Arguments: ()
21:41:55  INFO    No alerts Ś no notifications sent
--- Logging error ---
Traceback (most recent call last):
  File "C:\Users\boris\AppData\Local\Programs\Python\Python313\Lib\logging\__init__.py", line 1153, in emit
    stream.write(msg + self.terminator)
    ~~~~~~~~~~~~^^^^^^^^^^^^^^^^^^^^^^^
  File "C:\Users\boris\AppData\Local\Programs\Python\Python313\Lib\encodings\cp1252.py", line 19, in encode
    return codecs.charmap_encode(input,self.errors,encoding_table)[0]
           ~~~~~~~~~~~~~~~~~~~~~^^^^^^^^^^^^^^^^^^^^^^^^^^^^^^^^^^
UnicodeEncodeError: 'charmap' codec can't encode character '\u2192' in position 30: character maps to <undefined>
Call stack:
  File "C:\Users\boris\OneDrive - Boris Libman\ES-NQ analysis\Trading Strategies\Sector Analysis\files\sector_alert.py", line 378, in <module>
    main()
  File "C:\Users\boris\OneDrive - Boris Libman\ES-NQ analysis\Trading Strategies\Sector Analysis\files\sector_alert.py", line 373, in main
    save_state(current, threshold_fired, reversal_signs)
  File "C:\Users\boris\OneDrive - Boris Libman\ES-NQ analysis\Trading Strategies\Sector Analysis\files\sector_alert.py", line 140, in save_state
    log.info(f"State saved \u2192 {STATE_FILE}")
Message: 'State saved \u2192 sector_state.json'
Arguments: ()
21:41:55  INFO    Done.
21:43:44  INFO    ============================================================
21:43:44  INFO    Sector Alert Run ŌĆö 2026-06-22 21:43:44
21:43:44  INFO    Period: 1mo  Threshold: ┬▒2.0%  Reversal min: 1.0%  Cooldown: 20.0h
21:43:44  INFO    ============================================================
21:43:44  INFO    Fetching sector dataŌĆ”
21:43:44  INFO      Technology           XLK / RSPT
21:43:46  INFO      Financials           XLF / RSPF
21:43:48  INFO      Energy               XLE / RSPE
21:43:50  INFO      Health Care          XLV / RYH
21:43:52  INFO      Industrials          XLI / RGI
21:43:54  INFO      Cons. Disc.          XLY / RSPD
21:43:55  INFO      Cons. Staples        XLP / RSPS
21:43:57  INFO      Utilities            XLU / RSPU
21:43:59  INFO      Real Estate          XLRE / RSPR
21:44:01  INFO      Materials            XLB / RSPM
21:44:03  INFO      Comm. Services       XLC / RSPG
21:44:05  INFO    Detecting alertsŌĆ”
21:44:05  INFO    ŌöĆŌöĆŌöĆŌöĆŌöĆŌöĆŌöĆŌöĆŌöĆŌöĆŌöĆŌöĆŌöĆŌöĆŌöĆŌöĆŌöĆŌöĆŌöĆŌöĆŌöĆŌöĆŌöĆŌöĆŌöĆŌöĆŌöĆŌöĆŌöĆŌöĆŌöĆŌöĆŌöĆŌöĆŌöĆŌöĆŌöĆŌöĆŌöĆŌöĆ
21:44:05  INFO    Alerts fired: 0
21:44:05  INFO    Snapshot:
21:44:05  INFO      Sector                     CW       EW   Spread  Breadth
21:44:05  INFO      ŌöĆŌöĆŌöĆŌöĆŌöĆŌöĆŌöĆŌöĆŌöĆŌöĆŌöĆŌöĆŌöĆŌöĆŌöĆŌöĆŌöĆŌöĆŌöĆŌöĆŌöĆŌöĆŌöĆŌöĆŌöĆŌöĆŌöĆŌöĆŌöĆŌöĆŌöĆŌöĆŌöĆŌöĆŌöĆŌöĆŌöĆŌöĆŌöĆŌöĆŌöĆŌöĆŌöĆŌöĆŌöĆŌöĆŌöĆŌöĆŌöĆŌöĆŌöĆŌöĆŌöĆŌöĆŌöĆŌöĆŌöĆŌöĆ
21:44:05  INFO      Technology             +3.79%   +3.48%   -0.31%  ŌŚå Neutral
21:44:05  INFO      Financials             +3.57%   +1.75%   -1.82%  Ō¢╝ Narrow
21:44:05  INFO      Energy                 -6.55%   +2.17%   +8.73%  Ō¢▓ Broad
21:44:05  INFO      Health Care            +1.04%   +2.44%   +1.39%  ŌŚå Neutral
21:44:05  INFO      Industrials            +4.30%   +2.79%   -1.51%  Ō¢╝ Narrow
21:44:05  INFO      Cons. Disc.            -3.78%   +1.81%   +5.59%  Ō¢▓ Broad
21:44:05  INFO      Cons. Staples          -1.73%   -1.15%   +0.59%  ŌŚå Neutral
21:44:05  INFO      Utilities              -1.35%   -1.03%   +0.31%  ŌŚå Neutral
21:44:05  INFO      Real Estate            -1.54%   -0.88%   +0.66%  ŌŚå Neutral
21:44:05  INFO      Materials              +1.24%   +0.56%   -0.68%  ŌŚå Neutral
21:44:05  INFO      Comm. Services         -7.52%   -6.54%   +0.98%  ŌŚå Neutral
21:44:05  INFO    No alerts ŌĆö no notifications sent
21:44:05  INFO    State saved ŌåÆ sector_state.json
21:44:05  INFO    Done.
